SimpleCaller/app/build/outputs/logs/manifest-merger-debug-report.txt
-- Merging decision tree log ---
manifest
ADDED from AndroidManifest.xml:2:1
	xmlns:android
		ADDED from AndroidManifest.xml:2:11
	package
		ADDED from AndroidManifest.xml:3:2
		INJECTED from AndroidManifest.xml:0:0
		INJECTED from AndroidManifest.xml:0:0
	android:versionName
		ADDED from AndroidManifest.xml:5:2
	android:versionCode
		ADDED from AndroidManifest.xml:4:2
		INJECTED from AndroidManifest.xml:0:0
		INJECTED from AndroidManifest.xml:0:0
application
ADDED from AndroidManifest.xml:6:2
	android:label
		ADDED from AndroidManifest.xml:7:3
	android:debuggable
		ADDED from AndroidManifest.xml:8:3
activity#com.nnsu.mobileweek.SimpleCallerActivity
ADDED from AndroidManifest.xml:9:3
	android:label
		ADDED from AndroidManifest.xml:9:50
	android:name
		ADDED from AndroidManifest.xml:9:13
intent-filter#android.intent.action.MAIN+android.intent.category.LAUNCHER
ADDED from AndroidManifest.xml:10:4
action#android.intent.action.MAIN
ADDED from AndroidManifest.xml:11:5
	android:name
		ADDED from AndroidManifest.xml:11:13
category#android.intent.category.LAUNCHER
ADDED from AndroidManifest.xml:12:5
	android:name
		ADDED from AndroidManifest.xml:12:15
uses-permission#android.permission.CALL_PHONE
ADDED from AndroidManifest.xml:16:2
	android:name
		ADDED from AndroidManifest.xml:16:19